[debug] [2018-10-18T07:29:42.811Z] ----------------------------------------------------------------------
[debug] [2018-10-18T07:29:42.814Z] Command:       C:\Program Files\nodejs\node.exe C:\Users\HP\AppData\Roaming\npm\node_modules\firebase-tools\bin\firebase serve
[debug] [2018-10-18T07:29:42.814Z] CLI Version:   5.1.1
[debug] [2018-10-18T07:29:42.814Z] Platform:      win32
[debug] [2018-10-18T07:29:42.814Z] Node Version:  v8.12.0
[debug] [2018-10-18T07:29:42.815Z] Time:          Thu Oct 18 2018 12:59:42 GMT+0530 (India Standard Time)
[debug] [2018-10-18T07:29:42.815Z] ----------------------------------------------------------------------
[debug] 
[debug] [2018-10-18T07:29:42.825Z] > command requires scopes: ["email","openid","https://www.googleapis.com/auth/cloudplatformprojects.readonly","https://www.googleapis.com/auth/firebase","https://www.googleapis.com/auth/cloud-platform"]
[debug] [2018-10-18T07:29:42.825Z] > authorizing via signed-in user
[debug] [2018-10-18T07:29:42.825Z] [iam] checking project bennettmedica-b2707 for permissions ["firebase.projects.get"]
[debug] [2018-10-18T07:29:42.827Z] >>> HTTP REQUEST POST https://cloudresourcemanager.googleapis.com/v1/projects/bennettmedica-b2707:testIamPermissions  

[debug] [2018-10-18T07:29:45.450Z] <<< HTTP RESPONSE 200
[debug] [2018-10-18T07:29:45.451Z] >>> HTTP REQUEST GET https://cloudresourcemanager.googleapis.com/v1/projects/bennettmedica-b2707  
 
[debug] [2018-10-18T07:29:47.312Z] <<< HTTP RESPONSE 200
[info] 
[info] === Serving from 'C:\Users\HP\Desktop\code\bennettmedica.github.io'...
[info] 
[debug] [2018-10-18T07:29:47.315Z] >>> HTTP REQUEST GET https://mobilesdk-pa.googleapis.com/v1/projects/605269183635/clients/_:getWebAppConfig  
 
[debug] [2018-10-18T07:29:48.361Z] <<< HTTP RESPONSE 200
[info] i  hosting: Serving hosting files from: public
[info] +  hosting: Local server: http://localhost:5000
